<?xml version="1.0" encoding="UTF-8"?>
<coverage generated="1698035493360" clover="3.2.0">
  <project timestamp="1698035493361" name="All files">
    <metrics statements="62" coveredstatements="49" conditionals="13" coveredconditionals="7" methods="26" coveredmethods="16" elements="101" coveredelements="72" complexity="0" loc="62" ncloc="62" packages="4" files="5" classes="5"/>
    <package name="dtos">
      <metrics statements="15" coveredstatements="10" conditionals="4" coveredconditionals="3" methods="9" coveredmethods="4"/>
      <file name="MailSentDTO.ts" path="C:\Users\Juan\Desktop\SIRIUS\MailSenderApp\mailSenderNode\src\dtos\MailSentDTO.ts">
        <metrics statements="15" coveredstatements="10" conditionals="4" coveredconditionals="3" methods="9" coveredmethods="4"/>
        <line num="14" count="8" type="stmt"/>
        <line num="15" count="8" type="stmt"/>
        <line num="16" count="8" type="stmt"/>
        <line num="17" count="8" type="stmt"/>
        <line num="18" count="8" type="stmt"/>
        <line num="19" count="8" type="cond" truecount="3" falsecount="1"/>
        <line num="23" count="0" type="stmt"/>
        <line num="27" count="3" type="stmt"/>
        <line num="31" count="3" type="stmt"/>
        <line num="35" count="0" type="stmt"/>
        <line num="39" count="3" type="stmt"/>
        <line num="43" count="0" type="stmt"/>
        <line num="47" count="0" type="stmt"/>
        <line num="51" count="0" type="stmt"/>
        <line num="56" count="1" type="stmt"/>
      </file>
    </package>
    <package name="errors">
      <metrics statements="6" coveredstatements="6" conditionals="0" coveredconditionals="0" methods="2" coveredmethods="2"/>
      <file name="ConstraintError.ts" path="C:\Users\Juan\Desktop\SIRIUS\MailSenderApp\mailSenderNode\src\errors\ConstraintError.ts">
        <metrics statements="3" coveredstatements="3" conditionals="0" coveredconditionals="0" methods="1" coveredmethods="1"/>
        <line num="7" count="1" type="stmt"/>
        <line num="8" count="1" type="stmt"/>
        <line num="12" count="1" type="stmt"/>
      </file>
      <file name="GetVerbError.ts" path="C:\Users\Juan\Desktop\SIRIUS\MailSenderApp\mailSenderNode\src\errors\GetVerbError.ts">
        <metrics statements="3" coveredstatements="3" conditionals="0" coveredconditionals="0" methods="1" coveredmethods="1"/>
        <line num="5" count="1" type="stmt"/>
        <line num="6" count="1" type="stmt"/>
        <line num="10" count="1" type="stmt"/>
      </file>
    </package>
    <package name="models">
      <metrics statements="15" coveredstatements="12" conditionals="0" coveredconditionals="0" methods="10" coveredmethods="7"/>
      <file name="Mail.ts" path="C:\Users\Juan\Desktop\SIRIUS\MailSenderApp\mailSenderNode\src\models\Mail.ts">
        <metrics statements="15" coveredstatements="12" conditionals="0" coveredconditionals="0" methods="10" coveredmethods="7"/>
        <line num="12" count="10" type="stmt"/>
        <line num="13" count="10" type="stmt"/>
        <line num="14" count="10" type="stmt"/>
        <line num="15" count="10" type="stmt"/>
        <line num="17" count="10" type="stmt"/>
        <line num="21" count="0" type="stmt"/>
        <line num="25" count="0" type="stmt"/>
        <line num="29" count="0" type="stmt"/>
        <line num="33" count="10" type="stmt"/>
        <line num="37" count="8" type="stmt"/>
        <line num="41" count="8" type="stmt"/>
        <line num="45" count="8" type="stmt"/>
        <line num="49" count="8" type="stmt"/>
        <line num="53" count="8" type="stmt"/>
        <line num="58" count="1" type="stmt"/>
      </file>
    </package>
    <package name="repositories.repositoriesImplementations">
      <metrics statements="26" coveredstatements="21" conditionals="9" coveredconditionals="4" methods="5" coveredmethods="3"/>
      <file name="MailRepositoryImplementation.ts" path="C:\Users\Juan\Desktop\SIRIUS\MailSenderApp\mailSenderNode\src\repositories\repositoriesImplementations\MailRepositoryImplementation.ts">
        <metrics statements="26" coveredstatements="21" conditionals="9" coveredconditionals="4" methods="5" coveredmethods="3"/>
        <line num="2" count="1" type="stmt"/>
        <line num="4" count="1" type="stmt"/>
        <line num="6" count="1" type="stmt"/>
        <line num="7" count="1" type="stmt"/>
        <line num="13" count="2" type="stmt"/>
        <line num="15" count="2" type="stmt"/>
        <line num="16" count="2" type="stmt"/>
        <line num="18" count="2" type="stmt"/>
        <line num="19" count="2" type="stmt"/>
        <line num="20" count="2" type="stmt"/>
        <line num="22" count="2" type="stmt"/>
        <line num="32" count="2" type="cond" truecount="3" falsecount="1"/>
        <line num="33" count="1" type="stmt"/>
        <line num="36" count="1" type="stmt"/>
        <line num="41" count="0" type="stmt"/>
        <line num="42" count="0" type="stmt"/>
        <line num="47" count="0" type="cond" truecount="0" falsecount="4"/>
        <line num="48" count="0" type="stmt"/>
        <line num="51" count="0" type="stmt"/>
        <line num="56" count="3" type="stmt"/>
        <line num="57" count="3" type="stmt"/>
        <line num="65" count="1" type="stmt"/>
        <line num="68" count="2" type="cond" truecount="1" falsecount="0"/>
        <line num="69" count="1" type="stmt"/>
        <line num="71" count="1" type="stmt"/>
        <line num="77" count="1" type="stmt"/>
      </file>
    </package>
  </project>
</coverage>
