{"C:\\Users\\Juan\\Desktop\\SIRIUS\\MailSenderApp\\mailSenderNode\\src\\dtos\\MailSentDTO.ts": {"path":"C:\\Users\\Juan\\Desktop\\SIRIUS\\MailSenderApp\\mailSenderNode\\src\\dtos\\MailSentDTO.ts","statementMap":{"0":{"start":{"line":14,"column":8},"end":{"line":14,"column":41}},"1":{"start":{"line":15,"column":8},"end":{"line":15,"column":41}},"2":{"start":{"line":16,"column":8},"end":{"line":16,"column":47}},"3":{"start":{"line":17,"column":8},"end":{"line":17,"column":35}},"4":{"start":{"line":18,"column":8},"end":{"line":18,"column":41}},"5":{"start":{"line":19,"column":8},"end":{"line":19,"column":64}},"6":{"start":{"line":23,"column":8},"end":{"line":23,"column":23}},"7":{"start":{"line":27,"column":8},"end":{"line":27,"column":28}},"8":{"start":{"line":31,"column":8},"end":{"line":31,"column":28}},"9":{"start":{"line":35,"column":8},"end":{"line":35,"column":25}},"10":{"start":{"line":39,"column":8},"end":{"line":39,"column":31}},"11":{"start":{"line":43,"column":8},"end":{"line":43,"column":27}},"12":{"start":{"line":47,"column":8},"end":{"line":47,"column":21}},"13":{"start":{"line":51,"column":8},"end":{"line":51,"column":29}},"14":{"start":{"line":56,"column":0},"end":{"line":56,"column":null}}},"fnMap":{"0":{"name":"(anonymous_0)","decl":{"start":{"line":13,"column":4},"end":{"line":13,"column":23}},"loc":{"start":{"line":13,"column":33},"end":{"line":20,"column":5}}},"1":{"name":"(anonymous_1)","decl":{"start":{"line":22,"column":11},"end":{"line":22,"column":16}},"loc":{"start":{"line":22,"column":16},"end":{"line":24,"column":5}}},"2":{"name":"(anonymous_2)","decl":{"start":{"line":26,"column":11},"end":{"line":26,"column":21}},"loc":{"start":{"line":26,"column":21},"end":{"line":28,"column":5}}},"3":{"name":"(anonymous_3)","decl":{"start":{"line":30,"column":11},"end":{"line":30,"column":21}},"loc":{"start":{"line":30,"column":21},"end":{"line":32,"column":5}}},"4":{"name":"(anonymous_4)","decl":{"start":{"line":34,"column":11},"end":{"line":34,"column":18}},"loc":{"start":{"line":34,"column":18},"end":{"line":36,"column":5}}},"5":{"name":"(anonymous_5)","decl":{"start":{"line":38,"column":11},"end":{"line":38,"column":24}},"loc":{"start":{"line":38,"column":24},"end":{"line":40,"column":5}}},"6":{"name":"(anonymous_6)","decl":{"start":{"line":42,"column":11},"end":{"line":42,"column":20}},"loc":{"start":{"line":42,"column":20},"end":{"line":44,"column":5}}},"7":{"name":"(anonymous_7)","decl":{"start":{"line":46,"column":11},"end":{"line":46,"column":16}},"loc":{"start":{"line":46,"column":27},"end":{"line":48,"column":5}}},"8":{"name":"(anonymous_8)","decl":{"start":{"line":50,"column":11},"end":{"line":50,"column":20}},"loc":{"start":{"line":50,"column":35},"end":{"line":52,"column":5}}}},"branchMap":{"0":{"loc":{"start":{"line":19,"column":22},"end":{"line":19,"column":63}},"type":"cond-expr","locations":[{"start":{"line":19,"column":38},"end":{"line":19,"column":40}},{"start":{"line":19,"column":38},"end":{"line":19,"column":63}}]},"1":{"loc":{"start":{"line":19,"column":22},"end":{"line":19,"column":40}},"type":"binary-expr","locations":[{"start":{"line":19,"column":22},"end":{"line":19,"column":40}},{"start":{"line":19,"column":38},"end":{"line":19,"column":40}}]}},"s":{"0":8,"1":8,"2":8,"3":8,"4":8,"5":8,"6":0,"7":3,"8":3,"9":0,"10":3,"11":0,"12":0,"13":0,"14":1},"f":{"0":8,"1":0,"2":3,"3":3,"4":0,"5":3,"6":0,"7":0,"8":0},"b":{"0":[8,0],"1":[8,8]}}
,"C:\\Users\\Juan\\Desktop\\SIRIUS\\MailSenderApp\\mailSenderNode\\src\\errors\\ConstraintError.ts": {"path":"C:\\Users\\Juan\\Desktop\\SIRIUS\\MailSenderApp\\mailSenderNode\\src\\errors\\ConstraintError.ts","statementMap":{"0":{"start":{"line":7,"column":8},"end":{"line":7,"column":23}},"1":{"start":{"line":8,"column":8},"end":{"line":8,"column":38}},"2":{"start":{"line":12,"column":0},"end":{"line":12,"column":null}}},"fnMap":{"0":{"name":"(anonymous_0)","decl":{"start":{"line":6,"column":4},"end":{"line":6,"column":16}},"loc":{"start":{"line":6,"column":31},"end":{"line":9,"column":7}}}},"branchMap":{},"s":{"0":1,"1":1,"2":1},"f":{"0":1},"b":{}}
,"C:\\Users\\Juan\\Desktop\\SIRIUS\\MailSenderApp\\mailSenderNode\\src\\errors\\GetVerbError.ts": {"path":"C:\\Users\\Juan\\Desktop\\SIRIUS\\MailSenderApp\\mailSenderNode\\src\\errors\\GetVerbError.ts","statementMap":{"0":{"start":{"line":5,"column":8},"end":{"line":5,"column":23}},"1":{"start":{"line":6,"column":8},"end":{"line":6,"column":35}},"2":{"start":{"line":10,"column":0},"end":{"line":10,"column":null}}},"fnMap":{"0":{"name":"(anonymous_0)","decl":{"start":{"line":4,"column":4},"end":{"line":4,"column":16}},"loc":{"start":{"line":4,"column":31},"end":{"line":7,"column":7}}}},"branchMap":{},"s":{"0":1,"1":1,"2":1},"f":{"0":1},"b":{}}
,"C:\\Users\\Juan\\Desktop\\SIRIUS\\MailSenderApp\\mailSenderNode\\src\\models\\Mail.ts": {"path":"C:\\Users\\Juan\\Desktop\\SIRIUS\\MailSenderApp\\mailSenderNode\\src\\models\\Mail.ts","statementMap":{"0":{"start":{"line":12,"column":8},"end":{"line":12,"column":31}},"1":{"start":{"line":13,"column":8},"end":{"line":13,"column":31}},"2":{"start":{"line":14,"column":8},"end":{"line":14,"column":37}},"3":{"start":{"line":15,"column":8},"end":{"line":15,"column":25}},"4":{"start":{"line":17,"column":8},"end":{"line":17,"column":21}},"5":{"start":{"line":21,"column":8},"end":{"line":21,"column":21}},"6":{"start":{"line":25,"column":8},"end":{"line":25,"column":27}},"7":{"start":{"line":29,"column":8},"end":{"line":29,"column":25}},"8":{"start":{"line":33,"column":8},"end":{"line":33,"column":23}},"9":{"start":{"line":37,"column":8},"end":{"line":37,"column":28}},"10":{"start":{"line":41,"column":8},"end":{"line":41,"column":28}},"11":{"start":{"line":45,"column":8},"end":{"line":45,"column":27}},"12":{"start":{"line":49,"column":8},"end":{"line":49,"column":25}},"13":{"start":{"line":53,"column":8},"end":{"line":53,"column":31}},"14":{"start":{"line":58,"column":0},"end":{"line":58,"column":null}}},"fnMap":{"0":{"name":"(anonymous_0)","decl":{"start":{"line":11,"column":4},"end":{"line":11,"column":23}},"loc":{"start":{"line":11,"column":102},"end":{"line":18,"column":5}}},"1":{"name":"(anonymous_1)","decl":{"start":{"line":20,"column":11},"end":{"line":20,"column":16}},"loc":{"start":{"line":20,"column":27},"end":{"line":22,"column":5}}},"2":{"name":"(anonymous_2)","decl":{"start":{"line":24,"column":11},"end":{"line":24,"column":20}},"loc":{"start":{"line":24,"column":31},"end":{"line":26,"column":5}}},"3":{"name":"(anonymous_3)","decl":{"start":{"line":28,"column":11},"end":{"line":28,"column":18}},"loc":{"start":{"line":28,"column":29},"end":{"line":30,"column":5}}},"4":{"name":"(anonymous_4)","decl":{"start":{"line":32,"column":11},"end":{"line":32,"column":16}},"loc":{"start":{"line":32,"column":16},"end":{"line":34,"column":5}}},"5":{"name":"(anonymous_5)","decl":{"start":{"line":36,"column":11},"end":{"line":36,"column":21}},"loc":{"start":{"line":36,"column":21},"end":{"line":38,"column":5}}},"6":{"name":"(anonymous_6)","decl":{"start":{"line":40,"column":11},"end":{"line":40,"column":21}},"loc":{"start":{"line":40,"column":21},"end":{"line":42,"column":5}}},"7":{"name":"(anonymous_7)","decl":{"start":{"line":44,"column":11},"end":{"line":44,"column":20}},"loc":{"start":{"line":44,"column":20},"end":{"line":46,"column":5}}},"8":{"name":"(anonymous_8)","decl":{"start":{"line":48,"column":11},"end":{"line":48,"column":18}},"loc":{"start":{"line":48,"column":18},"end":{"line":50,"column":5}}},"9":{"name":"(anonymous_9)","decl":{"start":{"line":52,"column":11},"end":{"line":52,"column":24}},"loc":{"start":{"line":52,"column":24},"end":{"line":54,"column":5}}}},"branchMap":{},"s":{"0":10,"1":10,"2":10,"3":10,"4":10,"5":0,"6":0,"7":0,"8":10,"9":8,"10":8,"11":8,"12":8,"13":8,"14":1},"f":{"0":10,"1":0,"2":0,"3":0,"4":10,"5":8,"6":8,"7":8,"8":8,"9":8},"b":{}}
,"C:\\Users\\Juan\\Desktop\\SIRIUS\\MailSenderApp\\mailSenderNode\\src\\repositories\\repositoriesImplementations\\MailRepositoryImplementation.ts": {"path":"C:\\Users\\Juan\\Desktop\\SIRIUS\\MailSenderApp\\mailSenderNode\\src\\repositories\\repositoriesImplementations\\MailRepositoryImplementation.ts","statementMap":{"0":{"start":{"line":2,"column":0},"end":{"line":2,"column":46}},"1":{"start":{"line":4,"column":0},"end":{"line":4,"column":37}},"2":{"start":{"line":6,"column":0},"end":{"line":6,"column":79}},"3":{"start":{"line":7,"column":0},"end":{"line":7,"column":59}},"4":{"start":{"line":13,"column":8},"end":{"line":37,"column":null}},"5":{"start":{"line":15,"column":34},"end":{"line":15,"column":48}},"6":{"start":{"line":16,"column":12},"end":{"line":16,"column":47}},"7":{"start":{"line":18,"column":28},"end":{"line":18,"column":42}},"8":{"start":{"line":19,"column":12},"end":{"line":19,"column":51}},"9":{"start":{"line":20,"column":12},"end":{"line":20,"column":41}},"10":{"start":{"line":22,"column":47},"end":{"line":30,"column":14}},"11":{"start":{"line":32,"column":34},"end":{"line":32,"column":134}},"12":{"start":{"line":32,"column":59},"end":{"line":32,"column":133}},"13":{"start":{"line":33,"column":12},"end":{"line":33,"column":25}},"14":{"start":{"line":36,"column":12},"end":{"line":36,"column":20}},"15":{"start":{"line":41,"column":8},"end":{"line":52,"column":null}},"16":{"start":{"line":42,"column":47},"end":{"line":46,"column":14}},"17":{"start":{"line":47,"column":34},"end":{"line":47,"column":134}},"18":{"start":{"line":47,"column":59},"end":{"line":47,"column":133}},"19":{"start":{"line":48,"column":12},"end":{"line":48,"column":25}},"20":{"start":{"line":51,"column":12},"end":{"line":51,"column":20}},"21":{"start":{"line":56,"column":8},"end":{"line":72,"column":null}},"22":{"start":{"line":57,"column":43},"end":{"line":64,"column":14}},"23":{"start":{"line":65,"column":12},"end":{"line":65,"column":30}},"24":{"start":{"line":68,"column":12},"end":{"line":70,"column":null}},"25":{"start":{"line":69,"column":16},"end":{"line":69,"column":null}},"26":{"start":{"line":71,"column":12},"end":{"line":71,"column":24}},"27":{"start":{"line":77,"column":0},"end":{"line":77,"column":44}}},"fnMap":{"0":{"name":"(anonymous_8)","decl":{"start":{"line":12,"column":17},"end":{"line":12,"column":36}},"loc":{"start":{"line":12,"column":59},"end":{"line":38,"column":null}}},"1":{"name":"(anonymous_10)","decl":{"start":{"line":32,"column":51},"end":{"line":32,"column":55}},"loc":{"start":{"line":32,"column":59},"end":{"line":32,"column":133}}},"2":{"name":"(anonymous_11)","decl":{"start":{"line":40,"column":17},"end":{"line":40,"column":33}},"loc":{"start":{"line":40,"column":48},"end":{"line":53,"column":null}}},"3":{"name":"(anonymous_13)","decl":{"start":{"line":47,"column":51},"end":{"line":47,"column":55}},"loc":{"start":{"line":47,"column":59},"end":{"line":47,"column":133}}},"4":{"name":"(anonymous_14)","decl":{"start":{"line":55,"column":17},"end":{"line":55,"column":25}},"loc":{"start":{"line":55,"column":59},"end":{"line":73,"column":null}}}},"branchMap":{"0":{"loc":{"start":{"line":32,"column":124},"end":{"line":32,"column":132}},"type":"cond-expr","locations":[{"start":{"line":32,"column":128},"end":{"line":32,"column":130}},{"start":{"line":32,"column":124},"end":{"line":32,"column":132}}]},"1":{"loc":{"start":{"line":32,"column":124},"end":{"line":32,"column":130}},"type":"binary-expr","locations":[{"start":{"line":32,"column":124},"end":{"line":32,"column":130}},{"start":{"line":32,"column":124},"end":{"line":32,"column":130}}]},"2":{"loc":{"start":{"line":47,"column":124},"end":{"line":47,"column":132}},"type":"cond-expr","locations":[{"start":{"line":47,"column":128},"end":{"line":47,"column":130}},{"start":{"line":47,"column":124},"end":{"line":47,"column":132}}]},"3":{"loc":{"start":{"line":47,"column":124},"end":{"line":47,"column":130}},"type":"binary-expr","locations":[{"start":{"line":47,"column":124},"end":{"line":47,"column":130}},{"start":{"line":47,"column":124},"end":{"line":47,"column":130}}]},"4":{"loc":{"start":{"line":68,"column":12},"end":{"line":70,"column":null}},"type":"if","locations":[{"start":{"line":68,"column":12},"end":{"line":70,"column":null}}]}},"s":{"0":1,"1":1,"2":1,"3":1,"4":2,"5":2,"6":2,"7":2,"8":2,"9":2,"10":2,"11":1,"12":2,"13":1,"14":1,"15":0,"16":0,"17":0,"18":0,"19":0,"20":0,"21":3,"22":3,"23":1,"24":2,"25":1,"26":1,"27":1},"f":{"0":2,"1":2,"2":0,"3":0,"4":3},"b":{"0":[0,2],"1":[2,2],"2":[0,0],"3":[0,0],"4":[1]}}
}
