TN:
SF:src\dtos\MailSentDTO.ts
FN:13,(anonymous_0)
FN:22,(anonymous_1)
FN:26,(anonymous_2)
FN:30,(anonymous_3)
FN:34,(anonymous_4)
FN:38,(anonymous_5)
FN:42,(anonymous_6)
FN:46,(anonymous_7)
FN:50,(anonymous_8)
FNF:9
FNH:4
FNDA:8,(anonymous_0)
FNDA:0,(anonymous_1)
FNDA:3,(anonymous_2)
FNDA:3,(anonymous_3)
FNDA:0,(anonymous_4)
FNDA:3,(anonymous_5)
FNDA:0,(anonymous_6)
FNDA:0,(anonymous_7)
FNDA:0,(anonymous_8)
DA:14,8
DA:15,8
DA:16,8
DA:17,8
DA:18,8
DA:19,8
DA:23,0
DA:27,3
DA:31,3
DA:35,0
DA:39,3
DA:43,0
DA:47,0
DA:51,0
DA:56,1
LF:15
LH:10
BRDA:19,0,0,8
BRDA:19,0,1,0
BRDA:19,1,0,8
BRDA:19,1,1,8
BRF:4
BRH:3
end_of_record
TN:
SF:src\errors\ConstraintError.ts
FN:6,(anonymous_0)
FNF:1
FNH:1
FNDA:1,(anonymous_0)
DA:7,1
DA:8,1
DA:12,1
LF:3
LH:3
BRF:0
BRH:0
end_of_record
TN:
SF:src\errors\GetVerbError.ts
FN:4,(anonymous_0)
FNF:1
FNH:1
FNDA:1,(anonymous_0)
DA:5,1
DA:6,1
DA:10,1
LF:3
LH:3
BRF:0
BRH:0
end_of_record
TN:
SF:src\models\Mail.ts
FN:11,(anonymous_0)
FN:20,(anonymous_1)
FN:24,(anonymous_2)
FN:28,(anonymous_3)
FN:32,(anonymous_4)
FN:36,(anonymous_5)
FN:40,(anonymous_6)
FN:44,(anonymous_7)
FN:48,(anonymous_8)
FN:52,(anonymous_9)
FNF:10
FNH:7
FNDA:10,(anonymous_0)
FNDA:0,(anonymous_1)
FNDA:0,(anonymous_2)
FNDA:0,(anonymous_3)
FNDA:10,(anonymous_4)
FNDA:8,(anonymous_5)
FNDA:8,(anonymous_6)
FNDA:8,(anonymous_7)
FNDA:8,(anonymous_8)
FNDA:8,(anonymous_9)
DA:12,10
DA:13,10
DA:14,10
DA:15,10
DA:17,10
DA:21,0
DA:25,0
DA:29,0
DA:33,10
DA:37,8
DA:41,8
DA:45,8
DA:49,8
DA:53,8
DA:58,1
LF:15
LH:12
BRF:0
BRH:0
end_of_record
TN:
SF:src\repositories\repositoriesImplementations\MailRepositoryImplementation.ts
FN:12,(anonymous_8)
FN:32,(anonymous_10)
FN:40,(anonymous_11)
FN:47,(anonymous_13)
FN:55,(anonymous_14)
FNF:5
FNH:3
FNDA:2,(anonymous_8)
FNDA:2,(anonymous_10)
FNDA:0,(anonymous_11)
FNDA:0,(anonymous_13)
FNDA:3,(anonymous_14)
DA:2,1
DA:4,1
DA:6,1
DA:7,1
DA:13,2
DA:15,2
DA:16,2
DA:18,2
DA:19,2
DA:20,2
DA:22,2
DA:32,2
DA:33,1
DA:36,1
DA:41,0
DA:42,0
DA:47,0
DA:48,0
DA:51,0
DA:56,3
DA:57,3
DA:65,1
DA:68,2
DA:69,1
DA:71,1
DA:77,1
LF:26
LH:21
BRDA:32,0,0,0
BRDA:32,0,1,2
BRDA:32,1,0,2
BRDA:32,1,1,2
BRDA:47,2,0,0
BRDA:47,2,1,0
BRDA:47,3,0,0
BRDA:47,3,1,0
BRDA:68,4,0,1
BRF:9
BRH:4
end_of_record
